#
# A fatal error has been detected by the Java Runtime Environment:
#
#  EXCEPTION_ACCESS_VIOLATION (0xc0000005) at pc=0x000000005290fed7, pid=10908, tid=0x0000000000000bf4
#
# JRE version: OpenJDK Runtime Environment (8.0_242-b01) (build 1.8.0_242-release-1644-b01)
# Java VM: OpenJDK 64-Bit Server VM (25.242-b01 mixed mode windows-amd64 compressed oops)
# Problematic frame:
# V  [jvm.dll+0x1efed7]
#
# Failed to write core dump. Minidumps are not enabled by default on client versions of Windows
#
# If you would like to submit a bug report, please visit:
#   
#

---------------  T H R E A D  ---------------

Current thread (0x000000001a5ab800):  JavaThread "jar transforms Thread 460" [_thread_in_vm, id=3060, stack(0x0000000026c60000,0x0000000026d60000)]

siginfo: ExceptionCode=0xc0000005, writing address 0x0000000026d5b8f0

Registers:
RAX=0x0000000026d5b8f0, RBX=0x0000000000000005, RCX=0x0000000000004000, RDX=0x0000000000000006
RSP=0x0000000026d5f8f0, RBP=0x0000000000000000, RSI=0x0000000026d5f8f0, RDI=0x0000000000000005
R8 =0x0000000000000006, R9 =0x000000001ce1d090, R10=0x000000001538e968, R11=0x0000000026c6a148
R12=0x00000000ffffffff, R13=0x000000001a5ab800, R14=0x000000001a5ab800, R15=0x000000001538e968
RIP=0x000000005290fed7, EFLAGS=0x0000000000010206

Top of Stack: (sp=0x0000000026d5f8f0)
0x0000000026d5f8f0:   0000000026d5fa10 0000000100006948
0x0000000026d5f900:   000000001a5ab800 00000000ffffffff
0x0000000026d5f910:   0000000026d5f9b8 0000000052910eb7
0x0000000026d5f920:   0000000026d5fa20 000000001ce1d090
0x0000000026d5f930:   000000001538e968 00000000527bbe73
0x0000000026d5f940:   0000000026d5f980 000000001a5ab800
0x0000000026d5f950:   0000000026d5fa10 000000001a5ab800
0x0000000026d5f960:   000000001538e968 000000001a5ab800
0x0000000026d5f970:   0000000003476d60 000000001a5ab800
0x0000000026d5f980:   000000001538e968 000000001a5ab800
0x0000000026d5f990:   000000001538e968 000000001a5ab800
0x0000000026d5f9a0:   0000000000000001 000000001538e968
0x0000000026d5f9b0:   000000001a5ab800 0000000018cab540
0x0000000026d5f9c0:   000000001a5ab800 00000000527bd5dd
0x0000000026d5f9d0:   0000000026d5fcd8 0000000100006948
0x0000000026d5f9e0:   0000000100006948 0000000000000000 

Instructions: (pc=0x000000005290fed7)
0x000000005290feb7:   48 89 6c 24 30 33 ed 66 90 e8 4b d9 07 00 ff c3
0x000000005290fec7:   48 63 c8 48 8b c6 48 0f af cf 48 ff c7 48 2b c1
0x000000005290fed7:   89 28 48 63 c3 48 3b 05 65 b8 57 00 7e db 48 8b
0x000000005290fee7:   6c 24 30 48 8b 5c 24 38 48 8b 74 24 40 48 83 c4 


Register to memory mapping:

RAX=0x0000000026d5b8f0 is pointing into the stack for thread: 0x000000001a5ab800
RBX=0x0000000000000005 is an unknown value
RCX=0x0000000000004000 is an unknown value
RDX=0x0000000000000006 is an unknown value
RSP=0x0000000026d5f8f0 is pointing into the stack for thread: 0x000000001a5ab800
RBP=0x0000000000000000 is an unknown value
RSI=0x0000000026d5f8f0 is pointing into the stack for thread: 0x000000001a5ab800
RDI=0x0000000000000005 is an unknown value
R8 =0x0000000000000006 is an unknown value
R9 =0x000000001ce1d090 is an unknown value
R10={method} {0x000000001538e970} 'run' '()V' in 'java/lang/Thread'
R11=0x0000000026c6a148 is pointing into the stack for thread: 0x000000001a5ab800
R12=0x00000000ffffffff is an unknown value
R13=0x000000001a5ab800 is a thread
R14=0x000000001a5ab800 is a thread
R15={method} {0x000000001538e970} 'run' '()V' in 'java/lang/Thread'


Stack: [0x0000000026c60000,0x0000000026d60000],  sp=0x0000000026d5f8f0,  free space=1022k
